<?xml version="1.0" encoding="UTF-8"?>
<!-- Generated by org.testng.reporters.JUnitReportReporter -->
<testsuite hostname="HP-LAPTOP" failures="0" tests="1" name="Groups.Superclass" time="0.007" errors="0" timestamp="2024-03-03T13:32:11 IST" skipped="0">
  <testcase classname="Groups.Superclass" name="createUser" time="0.007">
    <system-out>
      <![CDATA[User is created]]>
    </system-out>
  </testcase> <!-- createUser -->
  <system-out>
    <![CDATA[user is logged in
Task is created
user is logged out
user is logged in
User is created
user is logged out]]>
  </system-out>
</testsuite> <!-- Groups.Superclass -->
