<?xml version="1.0" encoding="UTF-8"?>
<!-- Generated by org.testng.reporters.JUnitReportReporter -->
<testsuite hostname="HP-LAPTOP" failures="0" tests="1" name="BerforeAfter.SuperClass2" time="0.014" errors="0" timestamp="2024-03-03T12:40:24 IST" skipped="0">
  <testcase classname="BerforeAfter.SuperClass2" name="test" time="0.014">
    <system-out>
      <![CDATA[I am from test]]>
    </system-out>
  </testcase> <!-- test -->
  <system-out>
    <![CDATA[Before Suite
Before Test
Before class
Before method
I am from test
After method
After class
After Test
After Suite]]>
  </system-out>
</testsuite> <!-- BerforeAfter.SuperClass2 -->
