<?xml version="1.0" encoding="UTF-8"?>
<!-- Generated by org.testng.reporters.JUnitReportReporter -->
<testsuite hostname="HP-LAPTOP" failures="0" tests="3" name="TestNG1.Test3" time="0.018" errors="0" timestamp="2024-03-01T22:11:21 IST" skipped="0">
  <testcase classname="TestNG1.Test3" name="testB" time="0.015">
    <system-out>
      <![CDATA[I ams from method B]]>
    </system-out>
  </testcase> <!-- testB -->
  <testcase classname="TestNG1.Test3" name="registerUser" time="0.001">
    <system-out>
      <![CDATA[User is registered]]>
    </system-out>
  </testcase> <!-- registerUser -->
  <testcase classname="TestNG1.Test3" name="deleteUser" time="0.002">
    <system-out>
      <![CDATA[I am from delete user ]]>
    </system-out>
  </testcase> <!-- deleteUser -->
  <system-out>
    <![CDATA[I ams from method B
User is registered
I am from delete user ]]>
  </system-out>
</testsuite> <!-- TestNG1.Test3 -->
