<?xml version="1.0" encoding="UTF-8"?>
<!-- Generated by org.testng.reporters.JUnitReportReporter -->
<testsuite hostname="HP-LAPTOP" failures="0" tests="1" name="Assertions.Test3" time="3.502" errors="0" timestamp="2024-03-03T14:18:18 IST" skipped="0">
  <testcase classname="Assertions.Test3" name="testA" time="3.502"/>
</testsuite> <!-- Assertions.Test3 -->
