<?xml version="1.0" encoding="UTF-8"?>
<!-- Generated by org.testng.reporters.JUnitReportReporter -->
<testsuite hostname="HP-LAPTOP" failures="0" tests="5" name="TestNG1.MultipeTimesCallingAMethod" time="0.031" errors="0" timestamp="2024-03-03T12:44:35 IST" skipped="0">
  <testcase classname="TestNG1.MultipeTimesCallingAMethod" name="multipleUser" time="0.002">
    <system-out>
      <![CDATA[User A]]>
    </system-out>
  </testcase> <!-- multipleUser -->
  <testcase classname="TestNG1.MultipeTimesCallingAMethod" name="multipleUser" time="0.016">
    <system-out>
      <![CDATA[User A]]>
    </system-out>
  </testcase> <!-- multipleUser -->
  <testcase classname="TestNG1.MultipeTimesCallingAMethod" name="multipleUser" time="0.002">
    <system-out>
      <![CDATA[User A]]>
    </system-out>
  </testcase> <!-- multipleUser -->
  <testcase classname="TestNG1.MultipeTimesCallingAMethod" name="multipleUser" time="0.010">
    <system-out>
      <![CDATA[User A]]>
    </system-out>
  </testcase> <!-- multipleUser -->
  <testcase classname="TestNG1.MultipeTimesCallingAMethod" name="multipleUser" time="0.001">
    <system-out>
      <![CDATA[User A]]>
    </system-out>
  </testcase> <!-- multipleUser -->
  <system-out>
    <![CDATA[User A
User A
User A
User A
User A]]>
  </system-out>
</testsuite> <!-- TestNG1.MultipeTimesCallingAMethod -->
