<?xml version="1.0" encoding="UTF-8"?>
<!-- Generated by org.testng.reporters.JUnitReportReporter -->
<testsuite hostname="HP-LAPTOP" failures="0" tests="1" name="TestNG1.Test2" time="0.007" errors="0" timestamp="2024-03-01T22:00:36 IST" skipped="0">
  <testcase classname="TestNG1.Test2" name="testB" time="0.007">
    <system-out>
      <![CDATA[Bye]]>
    </system-out>
  </testcase> <!-- testB -->
  <system-out>
    <![CDATA[Bye
Hello]]>
  </system-out>
</testsuite> <!-- TestNG1.Test2 -->
