<?xml version="1.0" encoding="UTF-8"?>
<!-- Generated by org.testng.reporters.JUnitReportReporter -->
<testsuite hostname="HP-LAPTOP" failures="0" tests="2" name="BerforeAfter.SuperClass1" time="0.017" errors="0" timestamp="2024-03-03T12:37:51 IST" skipped="0">
  <testcase classname="BerforeAfter.SuperClass1" name="testA" time="0.010">
    <system-out>
      <![CDATA[I am from test A]]>
    </system-out>
  </testcase> <!-- testA -->
  <testcase classname="BerforeAfter.SuperClass1" name="testB" time="0.007">
    <system-out>
      <![CDATA[I am from test B]]>
    </system-out>
  </testcase> <!-- testB -->
  <system-out>
    <![CDATA[Before Suite
Before Test
Before class
Before method
I am from test A
After method
Before method
I am from test B
After method
After class
After Test
After Suite]]>
  </system-out>
</testsuite> <!-- BerforeAfter.SuperClass1 -->
