<?xml version="1.0" encoding="UTF-8"?>
<!-- Generated by org.testng.reporters.JUnitReportReporter -->
<testsuite hostname="HP-LAPTOP" failures="0" tests="2" name="TestNG1.DataProvider" time="0.010" errors="0" timestamp="2024-03-03T12:54:47 IST" skipped="0">
  <testcase classname="TestNG1.DataProvider" name="createUser" time="0.009">
    <system-out>
      <![CDATA[admin12345]]>
    </system-out>
  </testcase> <!-- createUser -->
  <testcase classname="TestNG1.DataProvider" name="createUser" time="0.001">
    <system-out>
      <![CDATA[admin1123456]]>
    </system-out>
  </testcase> <!-- createUser -->
  <system-out>
    <![CDATA[admin12345
admin1123456]]>
  </system-out>
</testsuite> <!-- TestNG1.DataProvider -->
